# JRE version: Java(TM) SE Runtime Environment (8.0_131-b11) (build 1.8.0_131-b11)
# Java VM: Java HotSpot(TM) 64-Bit Server VM (25.131-b11 mixed mode windows-amd64 compressed oops)
Heap:
 PSYoungGen      total 37376K, used 4731K [0x00000000d6000000, 0x00000000d8f80000, 0x0000000100000000)
  eden space 32256K, 1% used [0x00000000d6000000,0x00000000d6060ca0,0x00000000d7f80000)
  from space 5120K, 84% used [0x00000000d8000000,0x00000000d843e060,0x00000000d8500000)
  to   space 8192K, 0% used [0x00000000d8780000,0x00000000d8780000,0x00000000d8f80000)
 ParOldGen       total 41984K, used 6231K [0x0000000082000000, 0x0000000084900000, 0x00000000d6000000)
  object space 41984K, 14% used [0x0000000082000000,0x0000000082615fe8,0x0000000084900000)
 Metaspace       used 23992K, capacity 24776K, committed 25088K, reserved 1071104K
  class space    used 3043K, capacity 3240K, committed 3328K, reserved 1048576K
GC Heap History (10 events):
Event: 44.760 GC heap before
{Heap before GC invocations=2 (full 0):
 PSYoungGen      total 37888K, used 37861K [0x00000000d6000000, 0x00000000d8a00000, 0x0000000100000000)
  eden space 32768K, 100% used [0x00000000d6000000,0x00000000d8000000,0x00000000d8000000)
  from space 5120K, 99% used [0x00000000d8000000,0x00000000d84f9428,0x00000000d8500000)
  to   space 5120K, 0% used [0x00000000d8500000,0x00000000d8500000,0x00000000d8a00000)
 ParOldGen       total 86016K, used 119K [0x0000000082000000, 0x0000000087400000, 0x00000000d6000000)
  object space 86016K, 0% used [0x0000000082000000,0x000000008201de90,0x0000000087400000)
 Metaspace       used 13950K, capacity 14368K, committed 14592K, reserved 1062912K
  class space    used 1814K, capacity 1962K, committed 2048K, reserved 1048576K
Event: 44.775 GC heap after
Heap after GC invocations=2 (full 0):
 PSYoungGen      total 37888K, used 5095K [0x00000000d6000000, 0x00000000d8a00000, 0x0000000100000000)
  eden space 32768K, 0% used [0x00000000d6000000,0x00000000d6000000,0x00000000d8000000)
  from space 5120K, 99% used [0x00000000d8500000,0x00000000d89f9ec8,0x00000000d8a00000)
  to   space 5120K, 0% used [0x00000000d8000000,0x00000000d8000000,0x00000000d8500000)
 ParOldGen       total 86016K, used 701K [0x0000000082000000, 0x0000000087400000, 0x00000000d6000000)
  object space 86016K, 0% used [0x0000000082000000,0x00000000820af5a0,0x0000000087400000)
 Metaspace       used 13950K, capacity 14368K, committed 14592K, reserved 1062912K
  class space    used 1814K, capacity 1962K, committed 2048K, reserved 1048576K
}
Event: 71.584 GC heap before
{Heap before GC invocations=3 (full 0):
 PSYoungGen      total 37888K, used 37863K [0x00000000d6000000, 0x00000000d8a00000, 0x0000000100000000)
  eden space 32768K, 100% used [0x00000000d6000000,0x00000000d8000000,0x00000000d8000000)
  from space 5120K, 99% used [0x00000000d8500000,0x00000000d89f9ec8,0x00000000d8a00000)
  to   space 5120K, 0% used [0x00000000d8000000,0x00000000d8000000,0x00000000d8500000)
 ParOldGen       total 86016K, used 701K [0x0000000082000000, 0x0000000087400000, 0x00000000d6000000)
  object space 86016K, 0% used [0x0000000082000000,0x00000000820af5a0,0x0000000087400000)
 Metaspace       used 18887K, capacity 19432K, committed 19712K, reserved 1067008K
  class space    used 2398K, capacity 2554K, committed 2560K, reserved 1048576K
Event: 71.600 GC heap after
Heap after GC invocations=3 (full 0):
 PSYoungGen      total 37888K, used 5109K [0x00000000d6000000, 0x00000000d8a00000, 0x0000000100000000)
  eden space 32768K, 0% used [0x00000000d6000000,0x00000000d6000000,0x00000000d8000000)
  from space 5120K, 99% used [0x00000000d8000000,0x00000000d84fd6d8,0x00000000d8500000)
  to   space 5120K, 0% used [0x00000000d8500000,0x00000000d8500000,0x00000000d8a00000)
 ParOldGen       total 86016K, used 3481K [0x0000000082000000, 0x0000000087400000, 0x00000000d6000000)
  object space 86016K, 4% used [0x0000000082000000,0x00000000823665c8,0x0000000087400000)
 Metaspace       used 18887K, capacity 19432K, committed 19712K, reserved 1067008K
  class space    used 2398K, capacity 2554K, committed 2560K, reserved 1048576K
}
Event: 76.550 GC heap before
{Heap before GC invocations=4 (full 0):
 PSYoungGen      total 37888K, used 21612K [0x00000000d6000000, 0x00000000d8a00000, 0x0000000100000000)
  eden space 32768K, 50% used [0x00000000d6000000,0x00000000d701dd08,0x00000000d8000000)
  from space 5120K, 99% used [0x00000000d8000000,0x00000000d84fd6d8,0x00000000d8500000)
  to   space 5120K, 0% used [0x00000000d8500000,0x00000000d8500000,0x00000000d8a00000)
 ParOldGen       total 86016K, used 3481K [0x0000000082000000, 0x0000000087400000, 0x00000000d6000000)
  object space 86016K, 4% used [0x0000000082000000,0x00000000823665c8,0x0000000087400000)
 Metaspace       used 20578K, capacity 21072K, committed 21248K, reserved 1069056K
  class space    used 2633K, capacity 2778K, committed 2816K, reserved 1048576K
Event: 76.632 GC heap after
Heap after GC invocations=4 (full 0):
 PSYoungGen      total 37888K, used 5096K [0x00000000d6000000, 0x00000000d8a00000, 0x0000000100000000)
  eden space 32768K, 0% used [0x00000000d6000000,0x00000000d6000000,0x00000000d8000000)
  from space 5120K, 99% used [0x00000000d8500000,0x00000000d89fa330,0x00000000d8a00000)
  to   space 5120K, 0% used [0x00000000d8000000,0x00000000d8000000,0x00000000d8500000)
 ParOldGen       total 86016K, used 4688K [0x0000000082000000, 0x0000000087400000, 0x00000000d6000000)
  object space 86016K, 5% used [0x0000000082000000,0x00000000824943d8,0x0000000087400000)
 Metaspace       used 20578K, capacity 21072K, committed 21248K, reserved 1069056K
  class space    used 2633K, capacity 2778K, committed 2816K, reserved 1048576K
}
Event: 76.632 GC heap before
{Heap before GC invocations=5 (full 1):
 PSYoungGen      total 37888K, used 5096K [0x00000000d6000000, 0x00000000d8a00000, 0x0000000100000000)
  eden space 32768K, 0% used [0x00000000d6000000,0x00000000d6000000,0x00000000d8000000)
  from space 5120K, 99% used [0x00000000d8500000,0x00000000d89fa330,0x00000000d8a00000)
  to   space 5120K, 0% used [0x00000000d8000000,0x00000000d8000000,0x00000000d8500000)
 ParOldGen       total 86016K, used 4688K [0x0000000082000000, 0x0000000087400000, 0x00000000d6000000)
  object space 86016K, 5% used [0x0000000082000000,0x00000000824943d8,0x0000000087400000)
 Metaspace       used 20578K, capacity 21072K, committed 21248K, reserved 1069056K
  class space    used 2633K, capacity 2778K, committed 2816K, reserved 1048576K
Event: 76.712 GC heap after
Heap after GC invocations=5 (full 1):
 PSYoungGen      total 37888K, used 0K [0x00000000d6000000, 0x00000000d8a00000, 0x0000000100000000)
  eden space 32768K, 0% used [0x00000000d6000000,0x00000000d6000000,0x00000000d8000000)
  from space 5120K, 0% used [0x00000000d8500000,0x00000000d8500000,0x00000000d8a00000)
  to   space 5120K, 0% used [0x00000000d8000000,0x00000000d8000000,0x00000000d8500000)
 ParOldGen       total 41984K, used 6159K [0x0000000082000000, 0x0000000084900000, 0x00000000d6000000)
  object space 41984K, 14% used [0x0000000082000000,0x0000000082603fd8,0x0000000084900000)
 Metaspace       used 20578K, capacity 21072K, committed 21248K, reserved 1069056K
  class space    used 2633K, capacity 2778K, committed 2816K, reserved 1048576K
}
Event: 101.764 GC heap before
{Heap before GC invocations=6 (full 1):
 PSYoungGen      total 37888K, used 32768K [0x00000000d6000000, 0x00000000d8a00000, 0x0000000100000000)
  eden space 32768K, 100% used [0x00000000d6000000,0x00000000d8000000,0x00000000d8000000)
  from space 5120K, 0% used [0x00000000d8500000,0x00000000d8500000,0x00000000d8a00000)
  to   space 5120K, 0% used [0x00000000d8000000,0x00000000d8000000,0x00000000d8500000)
 ParOldGen       total 41984K, used 6159K [0x0000000082000000, 0x0000000084900000, 0x00000000d6000000)
  object space 41984K, 14% used [0x0000000082000000,0x0000000082603fd8,0x0000000084900000)
 Metaspace       used 23960K, capacity 24712K, committed 24832K, reserved 1071104K
  class space    used 3040K, capacity 3240K, committed 3328K, reserved 1048576K
Event: 101.782 GC heap after
Heap after GC invocations=6 (full 1):
 PSYoungGen      total 37376K, used 4344K [0x00000000d6000000, 0x00000000d8f80000, 0x0000000100000000)
  eden space 32256K, 0% used [0x00000000d6000000,0x00000000d6000000,0x00000000d7f80000)
  from space 5120K, 84% used [0x00000000d8000000,0x00000000d843e060,0x00000000d8500000)
  to   space 8192K, 0% used [0x00000000d8780000,0x00000000d8780000,0x00000000d8f80000)
 ParOldGen       total 41984K, used 6231K [0x0000000082000000, 0x0000000084900000, 0x00000000d6000000)
  object space 41984K, 14% used [0x0000000082000000,0x0000000082615fe8,0x0000000084900000)
 Metaspace       used 23960K, capacity 24712K, committed 24832K, reserved 1071104K
  class space    used 3040K, capacity 3240K, committed 3328K, reserved 1048576K
}

